number,value,datetime_start,datetime_complete,duration,params_lam_edge,params_lam_fft,params_lam_vgg,state
0,27.438046802390016,2026-10-09 00:53:19.801636,2026-10-09 01:19:29.008980,0 days 00:26:09.207344,0.029106359131330698,0.007969454818643935,0.005611516415334507,COMPLETE
1,27.268550335042242,2026-10-09 01:19:29.306616,2026-10-09 01:45:36.387071,0 days 00:26:07.080455,0.002051110418843397,0.0002051338263087451,0.015751320499779727,COMPLETE
2,27.67133417663346,2026-10-09 01:45:36.663933,2026-10-09 02:11:43.880093,0 days 00:26:07.216160,0.015930522616241012,0.005399484409787433,0.0013066739238053278,COMPLETE
3,26.26510671335808,2026-10-09 02:11:44.145304,2026-10-09 02:22:10.686459,0 days 00:10:26.541155,0.08706020878304858,0.00010994335574766199,0.02607024758370768,PRUNED
4,25.275480748876483,2026-10-09 02:22:10.988178,2026-10-09 02:30:00.437307,0 days 00:07:49.449129,0.0023102018878452934,0.00026587543983272726,0.04622589001020832,PRUNED
5,26.282659931607082,2026-10-09 02:30:00.729160,2026-10-09 02:40:27.550202,0 days 00:10:26.821042,0.0108661157999552,0.006019311547471473,0.001099158744585102,PRUNED
6,27.697853400477452,2026-10-09 02:40:27.860947,2026-10-09 03:06:33.429628,0 days 00:26:05.568681,0.012075018821115226,0.0019062374828215077,0.0010862348973937142,COMPLETE
7,25.859248463519712,2026-10-09 03:06:33.731616,2026-10-09 03:17:00.628591,0 days 00:10:26.896975,0.00467294158897531,0.0013383609000326786,0.0052798792801754275,PRUNED
8,23.132048271824726,2026-10-09 03:17:00.974475,2026-10-09 03:24:49.965542,0 days 00:07:48.991067,0.05131949894867456,0.0015168735523025366,0.09654400943128408,PRUNED
9,27.392515892226918,2026-10-09 03:24:50.278059,2026-10-09 03:43:06.018586,0 days 00:18:15.740527,0.0054352950296693596,0.0006199345073308876,0.002852112245512406,PRUNED
10,25.97308953947438,2026-10-09 03:43:06.313569,2026-10-09 03:53:33.170050,0 days 00:10:26.856481,0.001067540746922183,0.002869925090033596,0.0025642436194693446,PRUNED
11,25.404049944814986,2026-10-09 03:53:33.473588,2026-10-09 04:01:22.552055,0 days 00:07:49.078467,0.016666494623386874,0.0029023762598369956,0.0010364519981772469,PRUNED
12,25.520495730782045,2026-10-09 04:01:22.900706,2026-10-09 04:19:38.958919,0 days 00:18:16.058213,0.020200513082957776,0.0035841738302231627,0.0018800871913292544,PRUNED
13,25.59907599585354,2026-10-09 04:19:39.239840,2026-10-09 04:30:06.067327,0 days 00:10:26.827487,0.0077221256300511795,0.0007010478624133058,0.0063063664685086545,PRUNED
14,26.798554931639462,2026-10-09 04:30:06.354637,2026-10-09 04:40:32.912211,0 days 00:10:26.557574,0.03814906759603347,0.00931888646732207,0.0016470739197840159,PRUNED
15,27.05526796529424,2026-10-09 04:40:33.208381,2026-10-09 04:59:01.390528,0 days 00:18:28.182147,0.012077678391204088,0.004751229964666957,0.0033967697989687228,PRUNED
16,26.04812085092555,2026-10-09 04:59:01.731842,2026-10-09 05:09:29.172563,0 days 00:10:27.440721,0.020604205201293416,0.001988339933133885,0.011041286336902078,PRUNED
17,25.85032640054738,2026-10-09 05:09:29.485475,2026-10-09 05:17:19.198452,0 days 00:07:49.712977,0.006246968470381645,0.0008846639305756468,0.0014491789975321513,PRUNED
18,25.264339784852115,2026-10-09 05:17:19.512205,2026-10-09 05:25:08.416143,0 days 00:07:48.903938,0.0032694640869831873,0.0004663072570712853,0.0036367663474885666,PRUNED
19,25.970535486553672,2026-10-09 05:25:08.748205,2026-10-09 05:32:57.559953,0 days 00:07:48.811748,0.013162697068778232,0.0022464045066188797,0.002094227310212045,PRUNED
