number,value,datetime_start,datetime_complete,duration,params_fusion_dropout,params_fusion_heads,params_hfe_reduction,params_lr,params_nf,params_num_blocks_dat,params_num_blocks_elan,params_num_heads_dat,params_num_heads_elan,params_weight_decay,params_ws_dat,params_ws_elan,system_attrs_fixed_params,state
0,,2026-10-08 04:12:42.799917,2026-10-08 04:44:58.958301,0 days 00:32:16.158384,0.1,8,2,0.000499,88,3,1,2,2,6.99e-06,4,8,"{'nf': 88, 'num_heads_dat': 2, 'ws_dat': 4, 'num_blocks_dat': 3, 'num_heads_elan': 2, 'ws_elan': 8, 'num_blocks_elan': 1, 'fusion_heads': 8, 'fusion_dropout': 0.1, 'hfe_reduction': 2, 'lr': 0.000499, 'weight_decay': 6.99e-06}",FAIL
1,29.56225480231447,2026-10-08 04:45:19.923888,2026-10-08 05:33:14.689567,0 days 00:47:54.765679,0.1,8,2,0.000499,88,3,1,2,2,6.99e-06,4,8,"{'nf': 88, 'num_heads_dat': 2, 'ws_dat': 4, 'num_blocks_dat': 3, 'num_heads_elan': 2, 'ws_elan': 8, 'num_blocks_elan': 1, 'fusion_heads': 8, 'fusion_dropout': 0.1, 'hfe_reduction': 2, 'lr': 0.000499, 'weight_decay': 6.99e-06}",COMPLETE
2,29.358704958949453,2026-10-08 05:33:14.943933,2026-10-08 06:21:06.647926,0 days 00:47:51.703993,0.0,8,2,0.00038396073779254687,88,4,1,2,4,4.09122057444378e-06,4,8,,COMPLETE
3,29.31778058827495,2026-10-08 06:21:06.906774,2026-10-08 07:10:58.546944,0 days 00:49:51.640170,0.0,4,2,0.00033268137827118633,96,3,2,4,4,3.1273530367803687e-06,8,12,,COMPLETE
4,27.15135050695566,2026-10-08 07:10:58.804527,2026-10-08 07:20:29.195698,0 days 00:09:30.391171,0.0,8,4,0.0003775473263691046,88,2,2,2,2,6.741204610702759e-06,8,4,,PRUNED
5,27.627059390740214,2026-10-08 07:20:29.468705,2026-10-08 07:30:06.240985,0 days 00:09:36.772280,0.0,8,2,0.00039708551603490105,96,4,2,4,2,1.1575995526672769e-06,8,4,,PRUNED
6,29.515444525646878,2026-10-08 07:30:06.507663,2026-10-08 08:17:21.744032,0 days 00:47:15.236369,0.2,4,4,0.0006064428375447391,80,2,1,2,2,8.82693076112688e-06,4,8,,COMPLETE
7,26.531575527963007,2026-10-08 08:17:22.019506,2026-10-08 08:26:51.342729,0 days 00:09:29.323223,0.2,8,2,0.0005768670662455014,88,3,1,2,2,3.8798441021784036e-06,4,8,,PRUNED
8,27.560858245627877,2026-10-08 08:26:51.604686,2026-10-08 08:36:28.431396,0 days 00:09:36.826710,0.1,8,2,0.0004897272581507953,80,3,1,2,2,1.8315748188033225e-06,4,12,,PRUNED
9,27.706841816305513,2026-10-08 08:36:28.721059,2026-10-08 08:46:00.441957,0 days 00:09:31.720898,0.1,4,4,0.0006961213299187367,88,2,1,4,4,6.2322571441865e-06,4,8,,PRUNED
10,27.42639655729525,2026-10-08 08:46:00.711480,2026-10-08 08:55:38.744731,0 days 00:09:38.033251,0.1,8,2,0.00048318442586140045,88,4,2,2,2,9.258500300554487e-06,4,8,,PRUNED
11,27.45654808743776,2026-10-08 08:55:39.057868,2026-10-08 09:05:09.761156,0 days 00:09:30.703288,0.2,4,4,0.00030937169957620205,80,3,1,4,4,2.3873389594076443e-06,8,4,,PRUNED
12,27.069442216596997,2026-10-08 09:05:10.016522,2026-10-08 09:14:37.003726,0 days 00:09:26.987204,0.2,4,4,0.0005867716237586785,80,2,1,2,2,8.626861747025126e-06,4,8,,PRUNED
13,27.703169468682567,2026-10-08 09:14:37.292504,2026-10-08 09:24:06.666453,0 days 00:09:29.373949,0.2,4,4,0.0005944022884619931,80,2,1,2,2,5.62549005687845e-06,4,8,,PRUNED
14,27.493761053052378,2026-10-08 09:24:06.926039,2026-10-08 09:33:32.671756,0 days 00:09:25.745717,0.1,4,4,0.0005262412531738372,80,2,1,2,2,9.778533353667833e-06,4,8,,PRUNED
15,27.689202105934363,2026-10-08 09:33:32.950181,2026-10-08 09:43:03.645548,0 days 00:09:30.695367,0.1,8,2,0.0006898540646089984,96,3,1,2,2,4.727689034279944e-06,4,8,,PRUNED
16,27.7820126732964,2026-10-08 09:43:03.925745,2026-10-08 09:52:30.977418,0 days 00:09:27.051673,0.2,4,4,0.00043362661385500627,88,2,1,2,2,7.204561825329585e-06,4,12,,PRUNED
17,27.77086363971448,2026-10-08 09:52:31.263282,2026-10-08 10:02:02.513173,0 days 00:09:31.249891,0.1,8,2,0.0005270852956198661,80,4,1,2,2,5.119573126954319e-06,4,8,,PRUNED
18,27.508335480470084,2026-10-08 10:02:02.790769,2026-10-08 10:11:35.316087,0 days 00:09:32.525318,0.2,4,4,0.0004436232938008441,88,3,2,2,2,2.8109661900323226e-06,4,8,,PRUNED
19,27.562850173740024,2026-10-08 10:11:35.623594,2026-10-08 10:21:03.933101,0 days 00:09:28.309507,0.1,4,4,0.0006132096252306926,80,3,1,4,4,8.331566157989333e-06,8,4,,PRUNED
20,27.692200507745987,2026-10-08 10:21:04.201737,2026-10-08 10:30:32.270035,0 days 00:09:28.068298,0.1,8,2,0.0005288300519463168,96,2,1,2,2,1.0381203575404268e-06,4,12,,PRUNED
